app/build/intermediates/manifest_merge_blame_file/debug/manifest-merger-blame-debug-report.txt
1<?xml version="1.0" encoding="utf-8"?>
2<manifest xmlns:android="http://schemas.android.com/apk/res/android"
3    package="com.uber.autoaccept"
4    android:versionCode="4"
5    android:versionName="1.2.1" >
6
7    <uses-sdk
8        android:minSdkVersion="26"
9        android:targetSdkVersion="34" />
10
11    <uses-permission android:name="android.permission.FOREGROUND_SERVICE" />
11-->src\main\AndroidManifest.xml:5:5-77
11-->src\main\AndroidManifest.xml:5:22-74
12    <uses-permission android:name="android.permission.FOREGROUND_SERVICE_SPECIAL_USE" />
12-->src\main\AndroidManifest.xml:6:5-89
12-->src\main\AndroidManifest.xml:6:22-86
13    <uses-permission android:name="android.permission.POST_NOTIFICATIONS" />
13-->src\main\AndroidManifest.xml:7:5-77
13-->src\main\AndroidManifest.xml:7:22-74
14    <uses-permission android:name="android.permission.INTERNET" />
14-->src\main\AndroidManifest.xml:8:5-67
14-->src\main\AndroidManifest.xml:8:22-64
15    <uses-permission android:name="android.permission.SYSTEM_ALERT_WINDOW" />
15-->src\main\AndroidManifest.xml:9:5-78
15-->src\main\AndroidManifest.xml:9:22-75
16
17    <!-- 서비스 생존성 (Vortex 동일) -->
18    <uses-permission android:name="android.permission.WAKE_LOCK" />
18-->src\main\AndroidManifest.xml:12:5-68
18-->src\main\AndroidManifest.xml:12:22-65
19    <uses-permission android:name="android.permission.REQUEST_IGNORE_BATTERY_OPTIMIZATIONS" />
19-->src\main\AndroidManifest.xml:13:5-95
19-->src\main\AndroidManifest.xml:13:22-92
20
21    <!-- Shizuku API -->
22    <uses-permission android:name="moe.shizuku.manager.permission.API_V23" />
22-->src\main\AndroidManifest.xml:16:5-78
22-->src\main\AndroidManifest.xml:16:22-75
23
24    <!-- 전화번호 기반 라이센스 인증 (Vortex 동일) -->
25    <uses-permission android:name="android.permission.READ_PHONE_STATE" />
25-->src\main\AndroidManifest.xml:19:5-75
25-->src\main\AndroidManifest.xml:19:22-72
26    <uses-permission android:name="android.permission.READ_PHONE_NUMBERS" />
26-->src\main\AndroidManifest.xml:20:5-77
26-->src\main\AndroidManifest.xml:20:22-74
27
28    <permission
28-->[androidx.core:core:1.12.0] AndroidManifest.xml:22:5-24:47
29        android:name="com.uber.autoaccept.DYNAMIC_RECEIVER_NOT_EXPORTED_PERMISSION"
29-->[androidx.core:core:1.12.0] AndroidManifest.xml:23:9-81
30        android:protectionLevel="signature" />
30-->[androidx.core:core:1.12.0] AndroidManifest.xml:24:9-44
31
32    <uses-permission android:name="com.uber.autoaccept.DYNAMIC_RECEIVER_NOT_EXPORTED_PERMISSION" />
32-->[androidx.core:core:1.12.0] AndroidManifest.xml:26:5-97
32-->[androidx.core:core:1.12.0] AndroidManifest.xml:26:22-94
33
34    <application
34-->src\main\AndroidManifest.xml:22:5-79:19
35        android:allowBackup="true"
35-->src\main\AndroidManifest.xml:23:9-35
36        android:appComponentFactory="androidx.core.app.CoreComponentFactory"
36-->[androidx.core:core:1.12.0] AndroidManifest.xml:28:18-86
37        android:debuggable="true"
38        android:extractNativeLibs="false"
39        android:icon="@drawable/ic_launcher"
39-->src\main\AndroidManifest.xml:24:9-45
40        android:label="Uber Auto Accept"
40-->src\main\AndroidManifest.xml:25:9-41
41        android:roundIcon="@drawable/ic_launcher"
41-->src\main\AndroidManifest.xml:26:9-50
42        android:supportsRtl="true"
42-->src\main\AndroidManifest.xml:27:9-35
43        android:theme="@style/Theme.UberAutoAccept" >
43-->src\main\AndroidManifest.xml:28:9-52
44
45        <!-- Main Activity -->
46        <activity
46-->src\main\AndroidManifest.xml:32:9-39:20
47            android:name="com.uber.autoaccept.ui.MainActivity"
47-->src\main\AndroidManifest.xml:33:13-44
48            android:exported="true" >
48-->src\main\AndroidManifest.xml:34:13-36
49            <intent-filter>
49-->src\main\AndroidManifest.xml:35:13-38:29
50                <action android:name="android.intent.action.MAIN" />
50-->src\main\AndroidManifest.xml:36:17-69
50-->src\main\AndroidManifest.xml:36:25-66
51
52                <category android:name="android.intent.category.LAUNCHER" />
52-->src\main\AndroidManifest.xml:37:17-77
52-->src\main\AndroidManifest.xml:37:27-74
53            </intent-filter>
54        </activity>
55
56        <!-- Settings Activity -->
57        <activity
57-->src\main\AndroidManifest.xml:42:9-45:61
58            android:name="com.uber.autoaccept.ui.SettingsActivity"
58-->src\main\AndroidManifest.xml:43:13-48
59            android:exported="false"
59-->src\main\AndroidManifest.xml:44:13-37
60            android:parentActivityName="com.uber.autoaccept.ui.MainActivity" />
60-->src\main\AndroidManifest.xml:45:13-58
61
62        <!-- Floating Widget Service -->
63        <service
63-->src\main\AndroidManifest.xml:48:9-55:19
64            android:name="com.uber.autoaccept.service.FloatingWidgetService"
64-->src\main\AndroidManifest.xml:49:13-58
65            android:exported="false"
65-->src\main\AndroidManifest.xml:50:13-37
66            android:foregroundServiceType="specialUse" >
66-->src\main\AndroidManifest.xml:51:13-55
67            <property
67-->src\main\AndroidManifest.xml:52:13-54:60
68                android:name="android.app.PROPERTY_SPECIAL_USE_FGS_SUBTYPE"
68-->src\main\AndroidManifest.xml:53:17-76
69                android:value="floating_overlay_control" />
69-->src\main\AndroidManifest.xml:54:17-57
70        </service>
71
72        <!-- Shizuku Provider -->
73        <provider
74            android:name="rikka.shizuku.ShizukuProvider"
74-->src\main\AndroidManifest.xml:59:13-57
75            android:authorities="com.uber.autoaccept.shizuku"
75-->src\main\AndroidManifest.xml:60:13-59
76            android:enabled="true"
76-->src\main\AndroidManifest.xml:62:13-35
77            android:exported="true"
77-->src\main\AndroidManifest.xml:63:13-36
78            android:multiprocess="false"
78-->src\main\AndroidManifest.xml:61:13-41
79            android:permission="android.permission.INTERACT_ACROSS_USERS_FULL" />
79-->src\main\AndroidManifest.xml:64:13-79
80
81        <!-- Accessibility Service -->
82        <service
82-->src\main\AndroidManifest.xml:67:9-77:19
83            android:name="com.uber.autoaccept.service.UberAccessibilityService"
83-->src\main\AndroidManifest.xml:68:13-61
84            android:exported="false"
84-->src\main\AndroidManifest.xml:70:13-37
85            android:permission="android.permission.BIND_ACCESSIBILITY_SERVICE" >
85-->src\main\AndroidManifest.xml:69:13-79
86            <intent-filter>
86-->src\main\AndroidManifest.xml:71:13-73:29
87                <action android:name="android.accessibilityservice.AccessibilityService" />
87-->src\main\AndroidManifest.xml:72:17-92
87-->src\main\AndroidManifest.xml:72:25-89
88            </intent-filter>
89
90            <meta-data
90-->src\main\AndroidManifest.xml:74:13-76:72
91                android:name="android.accessibilityservice"
91-->src\main\AndroidManifest.xml:75:17-60
92                android:resource="@xml/accessibility_service_config" />
92-->src\main\AndroidManifest.xml:76:17-69
93        </service>
94
95        <provider
95-->[androidx.emoji2:emoji2:1.2.0] AndroidManifest.xml:24:9-32:20
96            android:name="androidx.startup.InitializationProvider"
96-->[androidx.emoji2:emoji2:1.2.0] AndroidManifest.xml:25:13-67
97            android:authorities="com.uber.autoaccept.androidx-startup"
97-->[androidx.emoji2:emoji2:1.2.0] AndroidManifest.xml:26:13-68
98            android:exported="false" >
98-->[androidx.emoji2:emoji2:1.2.0] AndroidManifest.xml:27:13-37
99            <meta-data
99-->[androidx.emoji2:emoji2:1.2.0] AndroidManifest.xml:29:13-31:52
100                android:name="androidx.emoji2.text.EmojiCompatInitializer"
100-->[androidx.emoji2:emoji2:1.2.0] AndroidManifest.xml:30:17-75
101                android:value="androidx.startup" />
101-->[androidx.emoji2:emoji2:1.2.0] AndroidManifest.xml:31:17-49
102            <meta-data
102-->[androidx.lifecycle:lifecycle-process:2.7.0] AndroidManifest.xml:29:13-31:52
103                android:name="androidx.lifecycle.ProcessLifecycleInitializer"
103-->[androidx.lifecycle:lifecycle-process:2.7.0] AndroidManifest.xml:30:17-78
104                android:value="androidx.startup" />
104-->[androidx.lifecycle:lifecycle-process:2.7.0] AndroidManifest.xml:31:17-49
105            <meta-data
105-->[androidx.profileinstaller:profileinstaller:1.3.0] AndroidManifest.xml:29:13-31:52
106                android:name="androidx.profileinstaller.ProfileInstallerInitializer"
106-->[androidx.profileinstaller:profileinstaller:1.3.0] AndroidManifest.xml:30:17-85
107                android:value="androidx.startup" />
107-->[androidx.profileinstaller:profileinstaller:1.3.0] AndroidManifest.xml:31:17-49
108        </provider>
109
110        <meta-data
110-->[dev.rikka.shizuku:provider:13.1.5] AndroidManifest.xml:11:9-13:36
111            android:name="moe.shizuku.client.V3_SUPPORT"
111-->[dev.rikka.shizuku:provider:13.1.5] AndroidManifest.xml:12:13-57
112            android:value="true" />
112-->[dev.rikka.shizuku:provider:13.1.5] AndroidManifest.xml:13:13-33
113
114        <receiver
114-->[androidx.profileinstaller:profileinstaller:1.3.0] AndroidManifest.xml:34:9-52:20
115            android:name="androidx.profileinstaller.ProfileInstallReceiver"
115-->[androidx.profileinstaller:profileinstaller:1.3.0] AndroidManifest.xml:35:13-76
116            android:directBootAware="false"
116-->[androidx.profileinstaller:profileinstaller:1.3.0] AndroidManifest.xml:36:13-44
117            android:enabled="true"
117-->[androidx.profileinstaller:profileinstaller:1.3.0] AndroidManifest.xml:37:13-35
118            android:exported="true"
118-->[androidx.profileinstaller:profileinstaller:1.3.0] AndroidManifest.xml:38:13-36
119            android:permission="android.permission.DUMP" >
119-->[androidx.profileinstaller:profileinstaller:1.3.0] AndroidManifest.xml:39:13-57
120            <intent-filter>
120-->[androidx.profileinstaller:profileinstaller:1.3.0] AndroidManifest.xml:40:13-42:29
121                <action android:name="androidx.profileinstaller.action.INSTALL_PROFILE" />
121-->[androidx.profileinstaller:profileinstaller:1.3.0] AndroidManifest.xml:41:17-91
121-->[androidx.profileinstaller:profileinstaller:1.3.0] AndroidManifest.xml:41:25-88
122            </intent-filter>
123            <intent-filter>
123-->[androidx.profileinstaller:profileinstaller:1.3.0] AndroidManifest.xml:43:13-45:29
124                <action android:name="androidx.profileinstaller.action.SKIP_FILE" />
124-->[androidx.profileinstaller:profileinstaller:1.3.0] AndroidManifest.xml:44:17-85
124-->[androidx.profileinstaller:profileinstaller:1.3.0] AndroidManifest.xml:44:25-82
125            </intent-filter>
126            <intent-filter>
126-->[androidx.profileinstaller:profileinstaller:1.3.0] AndroidManifest.xml:46:13-48:29
127                <action android:name="androidx.profileinstaller.action.SAVE_PROFILE" />
127-->[androidx.profileinstaller:profileinstaller:1.3.0] AndroidManifest.xml:47:17-88
127-->[androidx.profileinstaller:profileinstaller:1.3.0] AndroidManifest.xml:47:25-85
128            </intent-filter>
129            <intent-filter>
129-->[androidx.profileinstaller:profileinstaller:1.3.0] AndroidManifest.xml:49:13-51:29
130                <action android:name="androidx.profileinstaller.action.BENCHMARK_OPERATION" />
130-->[androidx.profileinstaller:profileinstaller:1.3.0] AndroidManifest.xml:50:17-95
130-->[androidx.profileinstaller:profileinstaller:1.3.0] AndroidManifest.xml:50:25-92
131            </intent-filter>
132        </receiver>
133    </application>
134
135</manifest>